<?xml version="1.0" encoding="UTF-8"?>
<testng-results ignored="0" total="7" passed="7" failed="0" skipped="0">
  <reporter-output>
  </reporter-output>
  <suite started-at="2026-02-28T02:55:13 IST" name="E-Commerce Test Suite" finished-at="2026-02-28T02:55:31 IST" duration-ms="18228">
    <groups>
      <group name="Placed Order Tests">
        <method signature="StandAloneTest.addProductToCartTest()[pri:1, instance:Selenium_Framwork.framwork_design.StandAloneTest@1afd44cb]" name="addProductToCartTest" class="Selenium_Framwork.framwork_design.StandAloneTest"/>
        <method signature="StandAloneTest.checkoutTest()[pri:2, instance:Selenium_Framwork.framwork_design.StandAloneTest@1afd44cb]" name="checkoutTest" class="Selenium_Framwork.framwork_design.StandAloneTest"/>
      </group> <!-- Placed Order Tests -->
      <group name="Order Validation Test">
        <method signature="StandAloneTest.orderValidationTest()[pri:3, instance:Selenium_Framwork.framwork_design.StandAloneTest@1afd44cb]" name="orderValidationTest" class="Selenium_Framwork.framwork_design.StandAloneTest"/>
      </group> <!-- Order Validation Test -->
      <group name="Login Validation">
        <method signature="ErrorValidationTest.loginWithEmptyEmail()[pri:0, instance:Selenium_Framwork.framwork_design.ErrorValidationTest@5c5eefef]" name="loginWithEmptyEmail" class="Selenium_Framwork.framwork_design.ErrorValidationTest"/>
        <method signature="ErrorValidationTest.loginWithInvalidCredentials()[pri:0, instance:Selenium_Framwork.framwork_design.ErrorValidationTest@5c5eefef]" name="loginWithInvalidCredentials" class="Selenium_Framwork.framwork_design.ErrorValidationTest"/>
        <method signature="ErrorValidationTest.loginWithEmptyEmail()[pri:0, instance:Selenium_Framwork.framwork_design.ErrorValidationTest@5158b42f]" name="loginWithEmptyEmail" class="Selenium_Framwork.framwork_design.ErrorValidationTest"/>
        <method signature="ErrorValidationTest.loginWithInvalidCredentials()[pri:0, instance:Selenium_Framwork.framwork_design.ErrorValidationTest@5158b42f]" name="loginWithInvalidCredentials" class="Selenium_Framwork.framwork_design.ErrorValidationTest"/>
      </group> <!-- Login Validation -->
    </groups>
    <test started-at="2026-02-28T02:55:13 IST" name="Login Validation Tests" finished-at="2026-02-28T02:55:31 IST" duration-ms="17702">
      <class name="Selenium_Framwork.framwork_design.ErrorValidationTest">
        <test-method is-config="true" signature="setupBrowser(java.lang.String)[pri:0, instance:Selenium_Framwork.framwork_design.ErrorValidationTest@5c5eefef]" started-at="2026-02-28T02:55:13 IST" name="setupBrowser" finished-at="2026-02-28T02:55:23 IST" duration-ms="9880" status="PASS">
          <params>
            <param index="0">
              <value>
                <![CDATA[Chrome]]>
              </value>
            </param>
          </params>
          <reporter-output>
          </reporter-output>
        </test-method> <!-- setupBrowser -->
        <test-method signature="loginWithEmptyEmail()[pri:0, instance:Selenium_Framwork.framwork_design.ErrorValidationTest@5c5eefef]" started-at="2026-02-28T02:55:23 IST" name="loginWithEmptyEmail" finished-at="2026-02-28T02:55:25 IST" duration-ms="2289" status="PASS">
          <reporter-output>
          </reporter-output>
        </test-method> <!-- loginWithEmptyEmail -->
        <test-method signature="loginWithInvalidCredentials()[pri:0, instance:Selenium_Framwork.framwork_design.ErrorValidationTest@5c5eefef]" started-at="2026-02-28T02:55:25 IST" name="loginWithInvalidCredentials" finished-at="2026-02-28T02:55:27 IST" duration-ms="1816" status="PASS">
          <reporter-output>
          </reporter-output>
        </test-method> <!-- loginWithInvalidCredentials -->
        <test-method is-config="true" signature="closeBrowser()[pri:0, instance:Selenium_Framwork.framwork_design.ErrorValidationTest@5c5eefef]" started-at="2026-02-28T02:55:27 IST" name="closeBrowser" finished-at="2026-02-28T02:55:31 IST" duration-ms="3682" status="PASS">
          <reporter-output>
          </reporter-output>
        </test-method> <!-- closeBrowser -->
      </class> <!-- Selenium_Framwork.framwork_design.ErrorValidationTest -->
    </test> <!-- Login Validation Tests -->
    <test started-at="2026-02-28T02:55:13 IST" name="Login Validation Tests-new" finished-at="2026-02-28T02:55:31 IST" duration-ms="17812">
      <class name="Selenium_Framwork.framwork_design.ErrorValidationTest">
        <test-method is-config="true" signature="setupBrowser(java.lang.String)[pri:0, instance:Selenium_Framwork.framwork_design.ErrorValidationTest@5158b42f]" started-at="2026-02-28T02:55:13 IST" name="setupBrowser" finished-at="2026-02-28T02:55:23 IST" duration-ms="9541" status="PASS">
          <params>
            <param index="0">
              <value>
                <![CDATA[Chrome]]>
              </value>
            </param>
          </params>
          <reporter-output>
          </reporter-output>
        </test-method> <!-- setupBrowser -->
        <test-method signature="loginWithEmptyEmail()[pri:0, instance:Selenium_Framwork.framwork_design.ErrorValidationTest@5158b42f]" started-at="2026-02-28T02:55:23 IST" name="loginWithEmptyEmail" finished-at="2026-02-28T02:55:24 IST" duration-ms="858" status="PASS">
          <reporter-output>
          </reporter-output>
        </test-method> <!-- loginWithEmptyEmail -->
        <test-method signature="loginWithInvalidCredentials()[pri:0, instance:Selenium_Framwork.framwork_design.ErrorValidationTest@5158b42f]" started-at="2026-02-28T02:55:24 IST" name="loginWithInvalidCredentials" finished-at="2026-02-28T02:55:26 IST" duration-ms="2745" status="PASS">
          <reporter-output>
          </reporter-output>
        </test-method> <!-- loginWithInvalidCredentials -->
        <test-method is-config="true" signature="closeBrowser()[pri:0, instance:Selenium_Framwork.framwork_design.ErrorValidationTest@5158b42f]" started-at="2026-02-28T02:55:26 IST" name="closeBrowser" finished-at="2026-02-28T02:55:31 IST" duration-ms="4563" status="PASS">
          <reporter-output>
          </reporter-output>
        </test-method> <!-- closeBrowser -->
      </class> <!-- Selenium_Framwork.framwork_design.ErrorValidationTest -->
    </test> <!-- Login Validation Tests-new -->
    <test started-at="2026-02-28T02:55:13 IST" name="Normal Order Tests" finished-at="2026-02-28T02:55:31 IST" duration-ms="18227">
      <class name="Selenium_Framwork.framwork_design.StandAloneTest">
        <test-method is-config="true" signature="setupBrowser(java.lang.String)[pri:0, instance:Selenium_Framwork.framwork_design.StandAloneTest@1afd44cb]" started-at="2026-02-28T02:55:13 IST" name="setupBrowser" finished-at="2026-02-28T02:55:23 IST" duration-ms="10070" status="PASS">
          <params>
            <param index="0">
              <value>
                <![CDATA[Chrome]]>
              </value>
            </param>
          </params>
          <reporter-output>
          </reporter-output>
        </test-method> <!-- setupBrowser -->
        <test-method is-config="true" signature="performLogin()[pri:0, instance:Selenium_Framwork.framwork_design.StandAloneTest@1afd44cb]" started-at="2026-02-28T02:55:23 IST" name="performLogin" finished-at="2026-02-28T02:55:26 IST" duration-ms="2409" status="PASS">
          <reporter-output>
          </reporter-output>
        </test-method> <!-- performLogin -->
        <test-method signature="addProductToCartTest()[pri:1, instance:Selenium_Framwork.framwork_design.StandAloneTest@1afd44cb]" started-at="2026-02-28T02:55:26 IST" name="addProductToCartTest" finished-at="2026-02-28T02:55:29 IST" duration-ms="2899" status="PASS">
          <reporter-output>
          </reporter-output>
        </test-method> <!-- addProductToCartTest -->
        <test-method signature="checkoutTest()[pri:2, instance:Selenium_Framwork.framwork_design.StandAloneTest@1afd44cb]" started-at="2026-02-28T02:55:29 IST" name="checkoutTest" finished-at="2026-02-28T02:55:31 IST" depends-on-methods="Selenium_Framwork.framwork_design.StandAloneTest.addProductToCartTest" duration-ms="2173" status="PASS">
          <reporter-output>
          </reporter-output>
        </test-method> <!-- checkoutTest -->
        <test-method signature="orderValidationTest()[pri:3, instance:Selenium_Framwork.framwork_design.StandAloneTest@1afd44cb]" started-at="2026-02-28T02:55:31 IST" name="orderValidationTest" finished-at="2026-02-28T02:55:31 IST" depends-on-methods="Selenium_Framwork.framwork_design.StandAloneTest.checkoutTest" duration-ms="149" status="PASS">
          <reporter-output>
          </reporter-output>
        </test-method> <!-- orderValidationTest -->
        <test-method is-config="true" signature="closeBrowser()[pri:0, instance:Selenium_Framwork.framwork_design.StandAloneTest@1afd44cb]" started-at="2026-02-28T02:55:31 IST" name="closeBrowser" finished-at="2026-02-28T02:55:31 IST" duration-ms="493" status="PASS">
          <reporter-output>
          </reporter-output>
        </test-method> <!-- closeBrowser -->
      </class> <!-- Selenium_Framwork.framwork_design.StandAloneTest -->
    </test> <!-- Normal Order Tests -->
  </suite> <!-- E-Commerce Test Suite -->
</testng-results>
