<?xml version="1.0" encoding="UTF-8"?>
<testsuite xmlns:xsi="http://www.w3.org/2001/XMLSchema-instance" xsi:noNamespaceSchemaLocation="https://maven.apache.org/surefire/maven-surefire-plugin/xsd/surefire-test-report.xsd" version="3.0.2" name="TestSuite" time="19.694" tests="7" errors="0" skipped="0" failures="0">
  <properties>
[...]
</properties>
  <testcase name="loginWithEmptyEmail" classname="Selenium_Framwork.framwork_design.ErrorValidationTest" time="0.47">
    <system-out><![CDATA[🔄 Setting up individual browser for test: Chrome
🔄 Setting up individual browser for test: Chrome
🔄 Setting up individual browser for test: Chrome
✅ Individual browser initialized successfully
📝 Running: loginWithEmptyEmail
✅ Individual browser initialized successfully
📝 Running: loginWithEmptyEmail
✅ Individual browser initialized successfully
Performing one-time login with driver: ChromeDriver: chrome on windows (e77d94e177e2ac1fdaf6c391637c6077)
✅ Empty email validation completed
]]></system-out>
    <system-err><![CDATA[SLF4J(W): No SLF4J providers were found.
SLF4J(W): Defaulting to no-operation (NOP) logger implementation
SLF4J(W): See https://www.slf4j.org/codes.html#noProviders for further details.
SLF4J(W): Class path contains SLF4J bindings targeting slf4j-api versions 1.7.x or earlier.
SLF4J(W): Ignoring binding found at [jar:file:/C:/Users/Arka_007/.m2/repository/org/slf4j/slf4j-jdk14/1.7.35/slf4j-jdk14-1.7.35.jar!/org/slf4j/impl/StaticLoggerBinder.class]
SLF4J(W): See https://www.slf4j.org/codes.html#ignoredBindings for an explanation.
Feb 28, 2026 2:55:19 AM org.openqa.selenium.devtools.CdpVersionFinder findNearestMatch
WARNING: Unable to find CDP implementation matching 145
Feb 28, 2026 2:55:19 AM org.openqa.selenium.chromium.ChromiumDriver lambda$new$5
WARNING: Unable to find version of CDP to use for 145.0.7632.117. You may need to include a dependency on a specific version of the CDP using something similar to `org.seleniumhq.selenium:selenium-devtools-v86:4.27.0` where the version ("v86") matches the version of the chromium-based browser you're using and the version number of the artifact is the same as Selenium's.
Feb 28, 2026 2:55:19 AM org.openqa.selenium.devtools.CdpVersionFinder findNearestMatch
WARNING: Unable to find CDP implementation matching 145
Feb 28, 2026 2:55:19 AM org.openqa.selenium.chromium.ChromiumDriver lambda$new$5
WARNING: Unable to find version of CDP to use for 145.0.7632.117. You may need to include a dependency on a specific version of the CDP using something similar to `org.seleniumhq.selenium:selenium-devtools-v86:4.27.0` where the version ("v86") matches the version of the chromium-based browser you're using and the version number of the artifact is the same as Selenium's.
Feb 28, 2026 2:55:19 AM org.openqa.selenium.devtools.CdpVersionFinder findNearestMatch
WARNING: Unable to find CDP implementation matching 145
Feb 28, 2026 2:55:19 AM org.openqa.selenium.chromium.ChromiumDriver lambda$new$5
WARNING: Unable to find version of CDP to use for 145.0.7632.117. You may need to include a dependency on a specific version of the CDP using something similar to `org.seleniumhq.selenium:selenium-devtools-v86:4.27.0` where the version ("v86") matches the version of the chromium-based browser you're using and the version number of the artifact is the same as Selenium's.
]]></system-err>
  </testcase>
  <testcase name="loginWithEmptyEmail" classname="Selenium_Framwork.framwork_design.ErrorValidationTest" time="1.682">
    <system-out><![CDATA[📝 Running: loginWithInvalidCredentials
✅ Empty email validation completed
]]></system-out>
  </testcase>
  <testcase name="loginWithInvalidCredentials" classname="Selenium_Framwork.framwork_design.ErrorValidationTest" time="0.754">
    <system-out><![CDATA[📝 Running: loginWithInvalidCredentials
Login completed successfully. Session will be maintained for all tests.
Running addProductToCartTest
✅ Error validation successful: Incorrect email or password.
]]></system-out>
  </testcase>
  <testcase name="loginWithInvalidCredentials" classname="Selenium_Framwork.framwork_design.ErrorValidationTest" time="1.512">
    <system-out><![CDATA[🔚 Closing individual browser after test
✅ Error validation successful: Incorrect email or password.
]]></system-out>
  </testcase>
  <testcase name="addProductToCartTest" classname="Selenium_Framwork.framwork_design.StandAloneTest" time="2.891">
    <system-out><![CDATA[🔚 Closing individual browser after test
Added IPHONE 13 PRO to cart successfully
Product added to cart successfully
]]></system-out>
  </testcase>
  <testcase name="checkoutTest" classname="Selenium_Framwork.framwork_design.StandAloneTest" time="2.175">
    <system-out><![CDATA[Running checkoutTest with existing session
Available countries: 2
Country option: British Indian Ocean Territory
Country option: India
Selected country: India
Order completed with ID: | 69a20bca415d779f9b4a76fc |
]]></system-out>
  </testcase>
  <testcase name="orderValidationTest" classname="Selenium_Framwork.framwork_design.StandAloneTest" time="0.15">
    <system-out><![CDATA[Running orderValidationTest with existing session
Order validation completed
]]></system-out>
  </testcase>
</testsuite>