<?xml version="1.0" encoding="UTF-8"?>
<testng-results ignored="0" total="1" passed="1" failed="0" skipped="0">
  <reporter-output>
  </reporter-output>
  <suite started-at="2025-06-25T00:01:15 IST" name="Suite" finished-at="2025-06-25T00:01:36 IST" duration-ms="21806">
    <groups>
    </groups>
    <test started-at="2025-06-25T00:01:15 IST" name="Test" finished-at="2025-06-25T00:01:36 IST" duration-ms="21806">
      <class name="Selenium_Framwork.framwork_design.StandAloneTest">
        <test-method is-config="true" signature="runBrowser()[pri:0, instance:Selenium_Framwork.framwork_design.StandAloneTest@5223e5ee]" started-at="2025-06-25T00:01:15 IST" name="runBrowser" finished-at="2025-06-25T00:01:19 IST" duration-ms="4580" status="PASS">
          <reporter-output>
          </reporter-output>
        </test-method> <!-- runBrowser -->
        <test-method signature="standAloneTest()[pri:0, instance:Selenium_Framwork.framwork_design.StandAloneTest@5223e5ee]" started-at="2025-06-25T00:01:19 IST" name="standAloneTest" finished-at="2025-06-25T00:01:36 IST" duration-ms="16731" status="PASS">
          <reporter-output>
          </reporter-output>
        </test-method> <!-- standAloneTest -->
        <test-method is-config="true" signature="closeBrowser()[pri:0, instance:Selenium_Framwork.framwork_design.StandAloneTest@5223e5ee]" started-at="2025-06-25T00:01:36 IST" name="closeBrowser" finished-at="2025-06-25T00:01:36 IST" duration-ms="432" status="PASS">
          <reporter-output>
          </reporter-output>
        </test-method> <!-- closeBrowser -->
      </class> <!-- Selenium_Framwork.framwork_design.StandAloneTest -->
    </test> <!-- Test -->
  </suite> <!-- Suite -->
</testng-results>
