<?xml version="1.0" encoding="UTF-8"?>
<!-- Generated by org.testng.reporters.JUnitReportReporter -->
<testsuite hostname="DESKTOP-4VV9QLP" failures="0" tests="4" name="Selenium_Framwork.framwork_design.ErrorValidationTest" time="7.708" errors="0" timestamp="2026-02-28T02:55:32 IST" skipped="0">
  <testcase classname="Selenium_Framwork.framwork_design.ErrorValidationTest" name="loginWithEmptyEmail" time="2.289"/>
  <testcase classname="Selenium_Framwork.framwork_design.ErrorValidationTest" name="loginWithInvalidCredentials" time="1.816"/>
  <testcase classname="Selenium_Framwork.framwork_design.ErrorValidationTest" name="loginWithEmptyEmail" time="0.858"/>
  <testcase classname="Selenium_Framwork.framwork_design.ErrorValidationTest" name="loginWithInvalidCredentials" time="2.745"/>
</testsuite> <!-- Selenium_Framwork.framwork_design.ErrorValidationTest -->
