<?xml version="1.0" encoding="UTF-8"?>
<!-- Generated by org.testng.reporters.JUnitReportReporter -->
<testsuite hostname="CISPL-IO-318" failures="0" tests="4" name="Selenium_Framwork.framwork_design.ErrorValidationTest" time="2.923" errors="0" timestamp="2026-02-27T01:01:28 IST" skipped="0">
  <testcase classname="Selenium_Framwork.framwork_design.ErrorValidationTest" name="loginWithInvalidCredentials" time="0.969"/>
  <testcase classname="Selenium_Framwork.framwork_design.ErrorValidationTest" name="loginWithInvalidCredentials" time="0.968"/>
  <testcase classname="Selenium_Framwork.framwork_design.ErrorValidationTest" name="loginWithEmptyEmail" time="0.593"/>
  <testcase classname="Selenium_Framwork.framwork_design.ErrorValidationTest" name="loginWithEmptyEmail" time="0.393"/>
</testsuite> <!-- Selenium_Framwork.framwork_design.ErrorValidationTest -->
