<?xml version="1.0" encoding="UTF-8"?>
<!-- Generated by org.testng.reporters.JUnitReportReporter -->
<testsuite hostname="DESKTOP-4VV9QLP" failures="0" tests="3" name="Selenium_Framwork.framwork_design.StandAloneTest" time="6.507" errors="0" timestamp="2026-03-01T00:46:30 IST" skipped="0">
  <testcase classname="Selenium_Framwork.framwork_design.StandAloneTest" name="addProductToCartTest" time="4.389"/>
  <testcase classname="Selenium_Framwork.framwork_design.StandAloneTest" name="checkoutTest" time="1.985"/>
  <testcase classname="Selenium_Framwork.framwork_design.StandAloneTest" name="orderValidationTest" time="0.133"/>
</testsuite> <!-- Selenium_Framwork.framwork_design.StandAloneTest -->
