<?xml version="1.0" encoding="UTF-8"?>
<!-- Generated by org.testng.reporters.JUnitReportReporter -->
<testsuite hostname="CISPL-IO-318" failures="0" tests="3" name="Selenium_Framwork.framwork_design.StandAloneTest" time="7.001" errors="0" timestamp="2026-02-27T01:01:28 IST" skipped="0">
  <testcase classname="Selenium_Framwork.framwork_design.StandAloneTest" name="addProductToCartTest" time="3.949"/>
  <testcase classname="Selenium_Framwork.framwork_design.StandAloneTest" name="checkoutTest" time="2.726"/>
  <testcase classname="Selenium_Framwork.framwork_design.StandAloneTest" name="orderValidationTest" time="0.326"/>
</testsuite> <!-- Selenium_Framwork.framwork_design.StandAloneTest -->
