<?xml version="1.0" encoding="UTF-8"?>
<!-- Generated by org.testng.reporters.JUnitXMLReporter -->
<testsuite ignored="0" hostname="DESKTOP-4VV9QLP" failures="0" tests="2" name="Login Validation Tests-new" time="18.783" errors="0" timestamp="2026-02-28T02:15:26 IST">
  <testcase classname="Selenium_Framwork.framwork_design.ErrorValidationTest" name="loginWithEmptyEmail" time="1.245"/>
  <testcase classname="Selenium_Framwork.framwork_design.ErrorValidationTest" name="loginWithInvalidCredentials" time="1.48"/>
</testsuite> <!-- Login Validation Tests-new -->
