<?xml version="1.0" encoding="UTF-8"?>
<!-- Generated by org.testng.reporters.JUnitXMLReporter -->
<testsuite ignored="0" hostname="DESKTOP-4VV9QLP" failures="0" tests="2" name="Login Validation Tests" time="14.004" errors="0" timestamp="2026-03-01T00:46:26 IST">
  <testcase classname="Selenium_Framwork.framwork_design.ErrorValidationTest" name="loginWithEmptyEmail" time="3.061"/>
  <testcase classname="Selenium_Framwork.framwork_design.ErrorValidationTest" name="loginWithInvalidCredentials" time="0.509"/>
</testsuite> <!-- Login Validation Tests -->
