<?xml version="1.0" encoding="UTF-8"?>
<!-- Generated by org.testng.reporters.JUnitXMLReporter -->
<testsuite ignored="0" hostname="DESKTOP-4VV9QLP" failures="0" tests="3" name="Normal Order Tests" time="18.227" errors="0" timestamp="2026-02-28T02:55:31 IST">
  <testcase classname="Selenium_Framwork.framwork_design.StandAloneTest" name="addProductToCartTest" time="2.899"/>
  <testcase classname="Selenium_Framwork.framwork_design.StandAloneTest" name="checkoutTest" time="2.173"/>
  <testcase classname="Selenium_Framwork.framwork_design.StandAloneTest" name="orderValidationTest" time="0.149"/>
</testsuite> <!-- Normal Order Tests -->
