<?xml version="1.0" encoding="UTF-8"?>
<!-- Generated by org.testng.reporters.JUnitXMLReporter -->
<testsuite ignored="0" hostname="DESKTOP-4VV9QLP" failures="0" tests="3" name="Normal Order Tests" time="17.554" errors="0" timestamp="2026-03-01T00:46:30 IST">
  <testcase classname="Selenium_Framwork.framwork_design.StandAloneTest" name="addProductToCartTest" time="4.389"/>
  <testcase classname="Selenium_Framwork.framwork_design.StandAloneTest" name="checkoutTest" time="1.985"/>
  <testcase classname="Selenium_Framwork.framwork_design.StandAloneTest" name="orderValidationTest" time="0.133"/>
</testsuite> <!-- Normal Order Tests -->
